GET /user/role/expert 200 7097 - 300.281 ms
GET /user/role/user 200 46568 - 1682.309 ms
GET /articles 200 107093 - 1933.773 ms
GET /favicon.ico 404 150 - 6.272 ms
GET /auth/checkEmail/abc@gmail.com 200 54 - 808.881 ms
GET /auth/checkEmail/abc123@gmail.com 200 51 - 872.504 ms
POST /log/register 201 535 - 1429.716 ms
POST /log/login 200 208 - 1986.123 ms
GET /user/email/abc123@gmail.com 200 492 - 1844.210 ms
GET /user/role/expert 200 7097 - 408.508 ms
GET /articles 304 - - 857.058 ms
GET /user/role/user 200 47061 - 4173.615 ms
GET /articles/topic/lifestyle/page/1 200 22429 - 758.413 ms
GET /articles/comments/6436ab92f19d7372b290a5d9 200 2 - 397.710 ms
GET /articles/6436ab92f19d7372b290a5d9 200 1849 - 6374.878 ms
POST /queries/filters 200 3483 - 273.333 ms
GET /articles 304 - - 453.542 ms
GET /user/role/expert 200 7097 - 272.309 ms
GET /user/role/user 200 47061 - 887.278 ms
POST /queries/filters 200 3483 - 274.462 ms
GET /auth/csrf-token 404 154 - 1.965 ms
GET /user/role/user 200 2486 - 143.702 ms
GET /user/role/expert 200 5547 - 347.704 ms
GET /articles 304 - - 3385.573 ms
POST /log/login 200 210 - 595.572 ms
GET /user/email/admin@gmail.com 200 711 - 1690.220 ms
GET /user/role/user 304 - - 145.656 ms
GET /user/role/expert 304 - - 147.919 ms
GET /articles 304 - - 1823.351 ms
GET /user/role/user 304 - - 41.305 ms
GET /user/role/expert 304 - - 65.930 ms
GET /articles 304 - - 952.978 ms
GET /articles/topic/lifestyle/page/1 200 1325 - 686.635 ms
GET /articles/topic/education/page/1 200 4828 - 372.799 ms
GET /user/role/expert 304 - - 57.886 ms
GET /user/role/user 304 - - 51.404 ms
GET /articles 200 15068 - 119.450 ms
GET /articles 304 - - 86.614 ms
GET /user/role/expert 304 - - 42.182 ms
GET /user/role/user 304 - - 34.106 ms
GET /auth/csrf-token 404 154 - 4.762 ms
POST /queries/filters 200 1410 - 51.408 ms
POST /queries/filters 200 785 - 37.059 ms
POST /queries/answer 200 39 - 92.167 ms
GET /user/role/expert 304 - - 76.006 ms
GET /user/role/user 304 - - 76.815 ms
GET /articles 304 - - 124.301 ms
POST /queries/filters 200 1684 - 54.030 ms
GET /auth/csrf-token 404 154 - 0.681 ms
GET /articles/topic/lifestyle/page/1 304 - - 84.077 ms
GET /articles/comments/65b14c95aaf490e86c8af034 200 433 - 88.262 ms
GET /articles/65b14c95aaf490e86c8af034 200 1323 - 160.435 ms
POST /articles/comments/65b14c95aaf490e86c8af034 200 41 - 59.002 ms
GET /user/role/expert 304 - - 41.400 ms
GET /articles/comments/65b14c95aaf490e86c8af034 200 846 - 89.550 ms
GET /articles 304 - - 96.584 ms
GET /user/role/user 304 - - 32.600 ms
GET /articles/65b14c95aaf490e86c8af034 304 - - 41.094 ms
POST /user/65b00e75756979f5b788204a/bookmarks/65b14c95aaf490e86c8af034 200 41 - 39.622 ms
GET /auth/csrf-token 404 154 - 0.601 ms
GET /user/role/expert 304 - - 45.463 ms
GET /articles 304 - - 93.405 ms
GET /user/role/user 304 - - 40.898 ms
GET /articles/topic/health/page/1 200 4592 - 82.026 ms
GET /articles/comments/65b14bdbaaf490e86c8af02e 200 845 - 75.687 ms
GET /articles/65b14bdbaaf490e86c8af02e 200 1463 - 148.433 ms
POST /articles/comments/65b14bdbaaf490e86c8af02e 200 41 - 77.614 ms
GET /articles 304 - - 81.466 ms
GET /articles/comments/65b14bdbaaf490e86c8af02e 200 1310 - 72.339 ms
GET /user/role/expert 304 - - 60.633 ms
GET /user/role/user 304 - - 50.087 ms
GET /articles/65b14bdbaaf490e86c8af02e 304 - - 53.436 ms
DELETE /articles/comments/67bf1839323fc79149fa8c92 200 42 - 88.041 ms
GET /user/role/user 304 - - 64.509 ms
GET /user/role/expert 304 - - 72.739 ms
GET /articles 304 - - 108.656 ms
GET /articles/65b14bdbaaf490e86c8af02e 304 - - 74.009 ms
GET /articles/comments/65b14bdbaaf490e86c8af02e 200 871 - 97.164 ms
PUT /user/65b00e75756979f5b788204a 200 40 - 1942.197 ms
GET /user/email/admin@gmail.com 200 708 - 119.841 ms
GET /user/role/expert 304 - - 46.936 ms
GET /articles 304 - - 75.690 ms
GET /user/role/user 304 - - 48.714 ms
GET /user/65b00e75756979f5b788204a 200 708 - 43.278 ms
POST /queries/filters 200 1684 - 36.618 ms
GET /user/role/expert 304 - - 99.974 ms
GET /user/role/user 304 - - 105.638 ms
GET /articles 304 - - 122.887 ms
GET /user/65b00e75756979f5b788204a 200 708 - 44.649 ms
POST /queries/filters 200 1684 - 68.570 ms
GET /articles 304 - - 95.050 ms
GET /user/role/expert 304 - - 53.764 ms
GET /user/role/user 304 - - 45.300 ms
POST /queries/filters 200 1684 - 45.871 ms
GET /user/role/expert 304 - - 48.454 ms
GET /user/role/user 304 - - 56.394 ms
GET /articles 304 - - 86.555 ms
GET /user/65b00e75756979f5b788204a/bookmarks 200 9965 - 91.130 ms
POST /queries/filters 200 1684 - 46.908 ms
